<?xml version="1.0" encoding="UTF-8"?>
<!-- Generated by org.testng.reporters.JUnitReportReporter -->
<testsuite hostname="Inspiron" name="Buy.buy.AppTest1" tests="2" failures="0" timestamp="22 Dec 2018 11:41:32 GMT" time="79.461" errors="0">
  <testcase name="verifyTitle" time="43.923" classname="Buy.buy.AppTest1"/>
  <testcase name="verifyLinks" time="35.538" classname="Buy.buy.AppTest1"/>
</testsuite> <!-- Buy.buy.AppTest1 -->
