<?xml version="1.0" encoding="UTF-8"?>
<!-- Generated by org.testng.reporters.JUnitReportReporter -->
<testsuite hostname="Inspiron" name="Buy.buy.HomeTest" tests="2" failures="0" timestamp="22 Dec 2018 12:06:19 GMT" time="112.812" errors="0">
  <testcase name="verifyLinks" time="46.970" classname="Buy.buy.HomeTest"/>
  <testcase name="verifyTitle" time="65.842" classname="Buy.buy.HomeTest"/>
</testsuite> <!-- Buy.buy.HomeTest -->
